This file contains any messages produced by compilers while
running configure, to aid debugging if configure makes a mistake.

It was created by avrdude configure 5.11, which was
generated by GNU Autoconf 2.68.  Invocation command line was

  $ ./configure 

## --------- ##
## Platform. ##
## --------- ##

hostname = orangenarwhaldreams
uname -m = i686
uname -r = 3.0.0-13-generic
uname -s = Linux
uname -v = #22-Ubuntu SMP Wed Nov 2 13:25:36 UTC 2011

/usr/bin/uname -p = unknown
/bin/uname -X     = unknown

/bin/arch              = unknown
/usr/bin/arch -k       = unknown
/usr/convex/getsysinfo = unknown
/usr/bin/hostinfo      = unknown
/bin/machine           = unknown
/usr/bin/oslevel       = unknown
/bin/universe          = unknown

PATH: /home/nouyang/bin
PATH: /usr/lib/lightdm/lightdm
PATH: /usr/local/sbin
PATH: /usr/local/bin
PATH: /usr/sbin
PATH: /usr/bin
PATH: /sbin
PATH: /bin
PATH: /usr/games
PATH: /home/nouyang/bin


## ----------- ##
## Core tests. ##
## ----------- ##

configure:2252: checking build system type
configure:2266: result: i686-pc-linux-gnu
configure:2286: checking host system type
configure:2299: result: i686-pc-linux-gnu
configure:2319: checking target system type
configure:2332: result: i686-pc-linux-gnu
configure:2376: checking for a BSD-compatible install
configure:2444: result: /usr/bin/install -c
configure:2455: checking whether build environment is sane
configure:2505: result: yes
configure:2646: checking for a thread-safe mkdir -p
configure:2685: result: /bin/mkdir -p
configure:2698: checking for gawk
configure:2714: found /usr/bin/gawk
configure:2725: result: gawk
configure:2736: checking whether make sets $(MAKE)
configure:2758: result: yes
configure:2890: checking for gcc
configure:2906: found /usr/bin/gcc
configure:2917: result: gcc
configure:3146: checking for C compiler version
configure:3155: gcc --version >&5
gcc (Ubuntu/Linaro 4.6.1-9ubuntu3) 4.6.1
Copyright (C) 2011 Free Software Foundation, Inc.
This is free software; see the source for copying conditions.  There is NO
warranty; not even for MERCHANTABILITY or FITNESS FOR A PARTICULAR PURPOSE.

configure:3166: $? = 0
configure:3155: gcc -v >&5
Using built-in specs.
COLLECT_GCC=gcc
COLLECT_LTO_WRAPPER=/usr/lib/gcc/i686-linux-gnu/4.6.1/lto-wrapper
Target: i686-linux-gnu
Configured with: ../src/configure -v --with-pkgversion='Ubuntu/Linaro 4.6.1-9ubuntu3' --with-bugurl=file:///usr/share/doc/gcc-4.6/README.Bugs --enable-languages=c,c++,fortran,objc,obj-c++,go --prefix=/usr --program-suffix=-4.6 --enable-shared --enable-linker-build-id --with-system-zlib --libexecdir=/usr/lib --without-included-gettext --enable-threads=posix --with-gxx-include-dir=/usr/include/c++/4.6 --libdir=/usr/lib --enable-nls --with-sysroot=/ --enable-clocale=gnu --enable-libstdcxx-debug --enable-libstdcxx-time=yes --enable-plugin --enable-objc-gc --enable-targets=all --disable-werror --with-arch-32=i686 --with-tune=generic --enable-checking=release --build=i686-linux-gnu --host=i686-linux-gnu --target=i686-linux-gnu
Thread model: posix
gcc version 4.6.1 (Ubuntu/Linaro 4.6.1-9ubuntu3) 
configure:3166: $? = 0
configure:3155: gcc -V >&5
gcc: error: unrecognized option '-V'
gcc: fatal error: no input files
compilation terminated.
configure:3166: $? = 4
configure:3155: gcc -qversion >&5
gcc: error: unrecognized option '-qversion'
gcc: fatal error: no input files
compilation terminated.
configure:3166: $? = 4
configure:3186: checking whether the C compiler works
configure:3208: gcc    conftest.c  >&5
configure:3212: $? = 0
configure:3260: result: yes
configure:3263: checking for C compiler default output file name
configure:3265: result: a.out
configure:3271: checking for suffix of executables
configure:3278: gcc -o conftest    conftest.c  >&5
configure:3282: $? = 0
configure:3304: result: 
configure:3326: checking whether we are cross compiling
configure:3334: gcc -o conftest    conftest.c  >&5
configure:3338: $? = 0
configure:3345: ./conftest
configure:3349: $? = 0
configure:3364: result: no
configure:3369: checking for suffix of object files
configure:3391: gcc -c   conftest.c >&5
configure:3395: $? = 0
configure:3416: result: o
configure:3420: checking whether we are using the GNU C compiler
configure:3439: gcc -c   conftest.c >&5
configure:3439: $? = 0
configure:3448: result: yes
configure:3457: checking whether gcc accepts -g
configure:3477: gcc -c -g  conftest.c >&5
configure:3477: $? = 0
configure:3518: result: yes
configure:3535: checking for gcc option to accept ISO C89
configure:3599: gcc  -c -g -O2  conftest.c >&5
configure:3599: $? = 0
configure:3612: result: none needed
configure:3643: checking for style of include used by make
configure:3671: result: GNU
configure:3696: checking dependency style of gcc
configure:3806: result: gcc3
configure:3826: checking for bison
configure:3856: result: no
configure:3826: checking for byacc
configure:3856: result: no
configure:3870: checking for flex
configure:3900: result: no
configure:3870: checking for lex
configure:3900: result: no
configure:4067: checking for ranlib
configure:4083: found /usr/bin/ranlib
configure:4094: result: ranlib
configure:4118: checking whether gcc and cc understand -c and -o together
configure:4149: gcc -c conftest.c -o conftest2.o >&5
configure:4153: $? = 0
configure:4159: gcc -c conftest.c -o conftest2.o >&5
configure:4163: $? = 0
configure:4174: cc -c conftest.c >&5
configure:4178: $? = 0
configure:4186: cc -c conftest.c -o conftest2.o >&5
configure:4190: $? = 0
configure:4196: cc -c conftest.c -o conftest2.o >&5
configure:4200: $? = 0
configure:4218: result: yes
configure:4245: checking for tputs in -ltermcap
configure:4270: gcc -o conftest -g -O2   conftest.c -ltermcap   >&5
/usr/bin/ld: cannot find -ltermcap
collect2: ld returned 1 exit status
configure:4270: $? = 1
configure: failed program was:
| /* confdefs.h */
| #define PACKAGE_NAME "avrdude"
| #define PACKAGE_TARNAME "avrdude"
| #define PACKAGE_VERSION "5.11"
| #define PACKAGE_STRING "avrdude 5.11"
| #define PACKAGE_BUGREPORT "avrdude-dev@nongnu.org"
| #define PACKAGE_URL ""
| #define PACKAGE "avrdude"
| #define VERSION "5.11"
| /* end confdefs.h.  */
| 
| /* Override any GCC internal prototype to avoid an error.
|    Use char because int might match the return type of a GCC
|    builtin and then its argument prototype would still apply.  */
| #ifdef __cplusplus
| extern "C"
| #endif
| char tputs ();
| int
| main ()
| {
| return tputs ();
|   ;
|   return 0;
| }
configure:4279: result: no
configure:4290: checking for tputs in -lncurses
configure:4315: gcc -o conftest -g -O2   conftest.c -lncurses   >&5
/usr/bin/ld: cannot find -lncurses
collect2: ld returned 1 exit status
configure:4315: $? = 1
configure: failed program was:
| /* confdefs.h */
| #define PACKAGE_NAME "avrdude"
| #define PACKAGE_TARNAME "avrdude"
| #define PACKAGE_VERSION "5.11"
| #define PACKAGE_STRING "avrdude 5.11"
| #define PACKAGE_BUGREPORT "avrdude-dev@nongnu.org"
| #define PACKAGE_URL ""
| #define PACKAGE "avrdude"
| #define VERSION "5.11"
| /* end confdefs.h.  */
| 
| /* Override any GCC internal prototype to avoid an error.
|    Use char because int might match the return type of a GCC
|    builtin and then its argument prototype would still apply.  */
| #ifdef __cplusplus
| extern "C"
| #endif
| char tputs ();
| int
| main ()
| {
| return tputs ();
|   ;
|   return 0;
| }
configure:4324: result: no
configure:4335: checking for readline in -lreadline
configure:4360: gcc -o conftest -g -O2   conftest.c -lreadline   >&5
/usr/bin/ld: cannot find -lreadline
collect2: ld returned 1 exit status
configure:4360: $? = 1
configure: failed program was:
| /* confdefs.h */
| #define PACKAGE_NAME "avrdude"
| #define PACKAGE_TARNAME "avrdude"
| #define PACKAGE_VERSION "5.11"
| #define PACKAGE_STRING "avrdude 5.11"
| #define PACKAGE_BUGREPORT "avrdude-dev@nongnu.org"
| #define PACKAGE_URL ""
| #define PACKAGE "avrdude"
| #define VERSION "5.11"
| /* end confdefs.h.  */
| 
| /* Override any GCC internal prototype to avoid an error.
|    Use char because int might match the return type of a GCC
|    builtin and then its argument prototype would still apply.  */
| #ifdef __cplusplus
| extern "C"
| #endif
| char readline ();
| int
| main ()
| {
| return readline ();
|   ;
|   return 0;
| }
configure:4369: result: no
configure:4380: checking for library containing gethostent
configure:4411: gcc -o conftest -g -O2   conftest.c  >&5
configure:4411: $? = 0
configure:4428: result: none required
configure:4436: checking for library containing setsockopt
configure:4467: gcc -o conftest -g -O2   conftest.c  >&5
configure:4467: $? = 0
configure:4484: result: none required
configure:4493: checking for usb_get_string_simple in -lusb
configure:4518: gcc -o conftest -g -O2   conftest.c -lusb   >&5
/usr/bin/ld: cannot find -lusb
collect2: ld returned 1 exit status
configure:4518: $? = 1
configure: failed program was:
| /* confdefs.h */
| #define PACKAGE_NAME "avrdude"
| #define PACKAGE_TARNAME "avrdude"
| #define PACKAGE_VERSION "5.11"
| #define PACKAGE_STRING "avrdude 5.11"
| #define PACKAGE_BUGREPORT "avrdude-dev@nongnu.org"
| #define PACKAGE_URL ""
| #define PACKAGE "avrdude"
| #define VERSION "5.11"
| /* end confdefs.h.  */
| 
| /* Override any GCC internal prototype to avoid an error.
|    Use char because int might match the return type of a GCC
|    builtin and then its argument prototype would still apply.  */
| #ifdef __cplusplus
| extern "C"
| #endif
| char usb_get_string_simple ();
| int
| main ()
| {
| return usb_get_string_simple ();
|   ;
|   return 0;
| }
configure:4527: result: no
configure:4549: checking for libusb_init in -lusb-1.0
configure:4574: gcc -o conftest -g -O2   conftest.c -lusb-1.0   >&5
/usr/bin/ld: cannot find -lusb-1.0
collect2: ld returned 1 exit status
configure:4574: $? = 1
configure: failed program was:
| /* confdefs.h */
| #define PACKAGE_NAME "avrdude"
| #define PACKAGE_TARNAME "avrdude"
| #define PACKAGE_VERSION "5.11"
| #define PACKAGE_STRING "avrdude 5.11"
| #define PACKAGE_BUGREPORT "avrdude-dev@nongnu.org"
| #define PACKAGE_URL ""
| #define PACKAGE "avrdude"
| #define VERSION "5.11"
| /* end confdefs.h.  */
| 
| /* Override any GCC internal prototype to avoid an error.
|    Use char because int might match the return type of a GCC
|    builtin and then its argument prototype would still apply.  */
| #ifdef __cplusplus
| extern "C"
| #endif
| char libusb_init ();
| int
| main ()
| {
| return libusb_init ();
|   ;
|   return 0;
| }
configure:4583: result: no
configure:5023: checking for libusb_init in -lusb
configure:5048: gcc -o conftest -g -O2   conftest.c -lusb   >&5
/usr/bin/ld: cannot find -lusb
collect2: ld returned 1 exit status
configure:5048: $? = 1
configure: failed program was:
| /* confdefs.h */
| #define PACKAGE_NAME "avrdude"
| #define PACKAGE_TARNAME "avrdude"
| #define PACKAGE_VERSION "5.11"
| #define PACKAGE_STRING "avrdude 5.11"
| #define PACKAGE_BUGREPORT "avrdude-dev@nongnu.org"
| #define PACKAGE_URL ""
| #define PACKAGE "avrdude"
| #define VERSION "5.11"
| /* end confdefs.h.  */
| 
| /* Override any GCC internal prototype to avoid an error.
|    Use char because int might match the return type of a GCC
|    builtin and then its argument prototype would still apply.  */
| #ifdef __cplusplus
| extern "C"
| #endif
| char libusb_init ();
| int
| main ()
| {
| return libusb_init ();
|   ;
|   return 0;
| }
configure:5057: result: no
configure:5095: checking for ftdi_init in -lftdi
configure:5120: gcc -o conftest -g -O2   conftest.c -lftdi -lusb  >&5
/usr/bin/ld: cannot find -lftdi
/usr/bin/ld: cannot find -lusb
collect2: ld returned 1 exit status
configure:5120: $? = 1
configure: failed program was:
| /* confdefs.h */
| #define PACKAGE_NAME "avrdude"
| #define PACKAGE_TARNAME "avrdude"
| #define PACKAGE_VERSION "5.11"
| #define PACKAGE_STRING "avrdude 5.11"
| #define PACKAGE_BUGREPORT "avrdude-dev@nongnu.org"
| #define PACKAGE_URL ""
| #define PACKAGE "avrdude"
| #define VERSION "5.11"
| /* end confdefs.h.  */
| 
| /* Override any GCC internal prototype to avoid an error.
|    Use char because int might match the return type of a GCC
|    builtin and then its argument prototype would still apply.  */
| #ifdef __cplusplus
| extern "C"
| #endif
| char ftdi_init ();
| int
| main ()
| {
| return ftdi_init ();
|   ;
|   return 0;
| }
configure:5129: result: no
configure:5146: checking limits.h usability
configure:5146: gcc -c -g -O2  conftest.c >&5
configure:5146: $? = 0
configure:5146: result: yes
configure:5146: checking limits.h presence
configure:5146:   conftest.c
./configure: line 1558: conftest.c: command not found
configure:5146: $? = 127
configure: failed program was:
| /* confdefs.h */
| #define PACKAGE_NAME "avrdude"
| #define PACKAGE_TARNAME "avrdude"
| #define PACKAGE_VERSION "5.11"
| #define PACKAGE_STRING "avrdude 5.11"
| #define PACKAGE_BUGREPORT "avrdude-dev@nongnu.org"
| #define PACKAGE_URL ""
| #define PACKAGE "avrdude"
| #define VERSION "5.11"
| /* end confdefs.h.  */
| #include <limits.h>
configure:5146: result: no
configure:5146: WARNING: limits.h: accepted by the compiler, rejected by the preprocessor!
configure:5146: WARNING: limits.h: proceeding with the compiler's result
configure:5146: checking for limits.h
configure:5146: result: yes
configure:5146: checking stdlib.h usability
configure:5146: gcc -c -g -O2  conftest.c >&5
configure:5146: $? = 0
configure:5146: result: yes
configure:5146: checking stdlib.h presence
configure:5146:   conftest.c
./configure: line 1558: conftest.c: command not found
configure:5146: $? = 127
configure: failed program was:
| /* confdefs.h */
| #define PACKAGE_NAME "avrdude"
| #define PACKAGE_TARNAME "avrdude"
| #define PACKAGE_VERSION "5.11"
| #define PACKAGE_STRING "avrdude 5.11"
| #define PACKAGE_BUGREPORT "avrdude-dev@nongnu.org"
| #define PACKAGE_URL ""
| #define PACKAGE "avrdude"
| #define VERSION "5.11"
| #define HAVE_LIMITS_H 1
| /* end confdefs.h.  */
| #include <stdlib.h>
configure:5146: result: no
configure:5146: WARNING: stdlib.h: accepted by the compiler, rejected by the preprocessor!
configure:5146: WARNING: stdlib.h: proceeding with the compiler's result
configure:5146: checking for stdlib.h
configure:5146: result: yes
configure:5146: checking string.h usability
configure:5146: gcc -c -g -O2  conftest.c >&5
configure:5146: $? = 0
configure:5146: result: yes
configure:5146: checking string.h presence
configure:5146:   conftest.c
./configure: line 1558: conftest.c: command not found
configure:5146: $? = 127
configure: failed program was:
| /* confdefs.h */
| #define PACKAGE_NAME "avrdude"
| #define PACKAGE_TARNAME "avrdude"
| #define PACKAGE_VERSION "5.11"
| #define PACKAGE_STRING "avrdude 5.11"
| #define PACKAGE_BUGREPORT "avrdude-dev@nongnu.org"
| #define PACKAGE_URL ""
| #define PACKAGE "avrdude"
| #define VERSION "5.11"
| #define HAVE_LIMITS_H 1
| #define HAVE_STDLIB_H 1
| /* end confdefs.h.  */
| #include <string.h>
configure:5146: result: no
configure:5146: WARNING: string.h: accepted by the compiler, rejected by the preprocessor!
configure:5146: WARNING: string.h: proceeding with the compiler's result
configure:5146: checking for string.h
configure:5146: result: yes
configure:5159: checking fcntl.h usability
configure:5159: gcc -c -g -O2  conftest.c >&5
configure:5159: $? = 0
configure:5159: result: yes
configure:5159: checking fcntl.h presence
configure:5159:   conftest.c
./configure: line 1558: conftest.c: command not found
configure:5159: $? = 127
configure: failed program was:
| /* confdefs.h */
| #define PACKAGE_NAME "avrdude"
| #define PACKAGE_TARNAME "avrdude"
| #define PACKAGE_VERSION "5.11"
| #define PACKAGE_STRING "avrdude 5.11"
| #define PACKAGE_BUGREPORT "avrdude-dev@nongnu.org"
| #define PACKAGE_URL ""
| #define PACKAGE "avrdude"
| #define VERSION "5.11"
| #define HAVE_LIMITS_H 1
| #define HAVE_STDLIB_H 1
| #define HAVE_STRING_H 1
| /* end confdefs.h.  */
| #include <fcntl.h>
configure:5159: result: no
configure:5159: WARNING: fcntl.h: accepted by the compiler, rejected by the preprocessor!
configure:5159: WARNING: fcntl.h: proceeding with the compiler's result
configure:5159: checking for fcntl.h
configure:5159: result: yes
configure:5159: checking sys/ioctl.h usability
configure:5159: gcc -c -g -O2  conftest.c >&5
configure:5159: $? = 0
configure:5159: result: yes
configure:5159: checking sys/ioctl.h presence
configure:5159:   conftest.c
./configure: line 1558: conftest.c: command not found
configure:5159: $? = 127
configure: failed program was:
| /* confdefs.h */
| #define PACKAGE_NAME "avrdude"
| #define PACKAGE_TARNAME "avrdude"
| #define PACKAGE_VERSION "5.11"
| #define PACKAGE_STRING "avrdude 5.11"
| #define PACKAGE_BUGREPORT "avrdude-dev@nongnu.org"
| #define PACKAGE_URL ""
| #define PACKAGE "avrdude"
| #define VERSION "5.11"
| #define HAVE_LIMITS_H 1
| #define HAVE_STDLIB_H 1
| #define HAVE_STRING_H 1
| #define HAVE_FCNTL_H 1
| /* end confdefs.h.  */
| #include <sys/ioctl.h>
configure:5159: result: no
configure:5159: WARNING: sys/ioctl.h: accepted by the compiler, rejected by the preprocessor!
configure:5159: WARNING: sys/ioctl.h: proceeding with the compiler's result
configure:5159: checking for sys/ioctl.h
configure:5159: result: yes
configure:5159: checking sys/time.h usability
configure:5159: gcc -c -g -O2  conftest.c >&5
configure:5159: $? = 0
configure:5159: result: yes
configure:5159: checking sys/time.h presence
configure:5159:   conftest.c
./configure: line 1558: conftest.c: command not found
configure:5159: $? = 127
configure: failed program was:
| /* confdefs.h */
| #define PACKAGE_NAME "avrdude"
| #define PACKAGE_TARNAME "avrdude"
| #define PACKAGE_VERSION "5.11"
| #define PACKAGE_STRING "avrdude 5.11"
| #define PACKAGE_BUGREPORT "avrdude-dev@nongnu.org"
| #define PACKAGE_URL ""
| #define PACKAGE "avrdude"
| #define VERSION "5.11"
| #define HAVE_LIMITS_H 1
| #define HAVE_STDLIB_H 1
| #define HAVE_STRING_H 1
| #define HAVE_FCNTL_H 1
| #define HAVE_SYS_IOCTL_H 1
| /* end confdefs.h.  */
| #include <sys/time.h>
configure:5159: result: no
configure:5159: WARNING: sys/time.h: accepted by the compiler, rejected by the preprocessor!
configure:5159: WARNING: sys/time.h: proceeding with the compiler's result
configure:5159: checking for sys/time.h
configure:5159: result: yes
configure:5159: checking termios.h usability
configure:5159: gcc -c -g -O2  conftest.c >&5
configure:5159: $? = 0
configure:5159: result: yes
configure:5159: checking termios.h presence
configure:5159:   conftest.c
./configure: line 1558: conftest.c: command not found
configure:5159: $? = 127
configure: failed program was:
| /* confdefs.h */
| #define PACKAGE_NAME "avrdude"
| #define PACKAGE_TARNAME "avrdude"
| #define PACKAGE_VERSION "5.11"
| #define PACKAGE_STRING "avrdude 5.11"
| #define PACKAGE_BUGREPORT "avrdude-dev@nongnu.org"
| #define PACKAGE_URL ""
| #define PACKAGE "avrdude"
| #define VERSION "5.11"
| #define HAVE_LIMITS_H 1
| #define HAVE_STDLIB_H 1
| #define HAVE_STRING_H 1
| #define HAVE_FCNTL_H 1
| #define HAVE_SYS_IOCTL_H 1
| #define HAVE_SYS_TIME_H 1
| /* end confdefs.h.  */
| #include <termios.h>
configure:5159: result: no
configure:5159: WARNING: termios.h: accepted by the compiler, rejected by the preprocessor!
configure:5159: WARNING: termios.h: proceeding with the compiler's result
configure:5159: checking for termios.h
configure:5159: result: yes
configure:5159: checking unistd.h usability
configure:5159: gcc -c -g -O2  conftest.c >&5
configure:5159: $? = 0
configure:5159: result: yes
configure:5159: checking unistd.h presence
configure:5159:   conftest.c
./configure: line 1558: conftest.c: command not found
configure:5159: $? = 127
configure: failed program was:
| /* confdefs.h */
| #define PACKAGE_NAME "avrdude"
| #define PACKAGE_TARNAME "avrdude"
| #define PACKAGE_VERSION "5.11"
| #define PACKAGE_STRING "avrdude 5.11"
| #define PACKAGE_BUGREPORT "avrdude-dev@nongnu.org"
| #define PACKAGE_URL ""
| #define PACKAGE "avrdude"
| #define VERSION "5.11"
| #define HAVE_LIMITS_H 1
| #define HAVE_STDLIB_H 1
| #define HAVE_STRING_H 1
| #define HAVE_FCNTL_H 1
| #define HAVE_SYS_IOCTL_H 1
| #define HAVE_SYS_TIME_H 1
| #define HAVE_TERMIOS_H 1
| /* end confdefs.h.  */
| #include <unistd.h>
configure:5159: result: no
configure:5159: WARNING: unistd.h: accepted by the compiler, rejected by the preprocessor!
configure:5159: WARNING: unistd.h: proceeding with the compiler's result
configure:5159: checking for unistd.h
configure:5159: result: yes
configure:5171: checking for ddk/hidsdi.h
configure:5171: gcc -c -g -O2  conftest.c >&5
conftest.c:19:21: fatal error: windows.h: No such file or directory
compilation terminated.
configure:5171: $? = 1
configure: failed program was:
| /* confdefs.h */
| #define PACKAGE_NAME "avrdude"
| #define PACKAGE_TARNAME "avrdude"
| #define PACKAGE_VERSION "5.11"
| #define PACKAGE_STRING "avrdude 5.11"
| #define PACKAGE_BUGREPORT "avrdude-dev@nongnu.org"
| #define PACKAGE_URL ""
| #define PACKAGE "avrdude"
| #define VERSION "5.11"
| #define HAVE_LIMITS_H 1
| #define HAVE_STDLIB_H 1
| #define HAVE_STRING_H 1
| #define HAVE_FCNTL_H 1
| #define HAVE_SYS_IOCTL_H 1
| #define HAVE_SYS_TIME_H 1
| #define HAVE_TERMIOS_H 1
| #define HAVE_UNISTD_H 1
| /* end confdefs.h.  */
| #include <windows.h>
| #include <setupapi.h>
| 
| #include <ddk/hidsdi.h>
configure:5171: result: no
configure:5186: checking for an ANSI C-conforming const
configure:5251: gcc -c -g -O2  conftest.c >&5
configure:5251: $? = 0
configure:5258: result: yes
configure:5266: checking whether time.h and sys/time.h may both be included
configure:5286: gcc -c -g -O2  conftest.c >&5
configure:5286: $? = 0
configure:5293: result: yes
configure:5306: checking for memset
configure:5306: gcc -o conftest -g -O2   conftest.c  >&5
conftest.c:43:6: warning: conflicting types for built-in function 'memset' [enabled by default]
configure:5306: $? = 0
configure:5306: result: yes
configure:5306: checking for select
configure:5306: gcc -o conftest -g -O2   conftest.c  >&5
configure:5306: $? = 0
configure:5306: result: yes
configure:5306: checking for strcasecmp
configure:5306: gcc -o conftest -g -O2   conftest.c  >&5
conftest.c:45:6: warning: conflicting types for built-in function 'strcasecmp' [enabled by default]
configure:5306: $? = 0
configure:5306: result: yes
configure:5306: checking for strdup
configure:5306: gcc -o conftest -g -O2   conftest.c  >&5
conftest.c:46:6: warning: conflicting types for built-in function 'strdup' [enabled by default]
configure:5306: $? = 0
configure:5306: result: yes
configure:5306: checking for strerror
configure:5306: gcc -o conftest -g -O2   conftest.c  >&5
configure:5306: $? = 0
configure:5306: result: yes
configure:5306: checking for strncasecmp
configure:5306: gcc -o conftest -g -O2   conftest.c  >&5
conftest.c:48:6: warning: conflicting types for built-in function 'strncasecmp' [enabled by default]
configure:5306: $? = 0
configure:5306: result: yes
configure:5306: checking for strtol
configure:5306: gcc -o conftest -g -O2   conftest.c  >&5
configure:5306: $? = 0
configure:5306: result: yes
configure:5306: checking for strtoul
configure:5306: gcc -o conftest -g -O2   conftest.c  >&5
configure:5306: $? = 0
configure:5306: result: yes
configure:5306: checking for gettimeofday
configure:5306: gcc -o conftest -g -O2   conftest.c  >&5
configure:5306: $? = 0
configure:5306: result: yes
configure:5306: checking for usleep
configure:5306: gcc -o conftest -g -O2   conftest.c  >&5
configure:5306: $? = 0
configure:5306: result: yes
configure:5316: checking for a Win32 HID libray
configure:5355: gcc -o conftest -g -O2   conftest.c   >&5
conftest.c:30:21: fatal error: windows.h: No such file or directory
compilation terminated.
configure:5355: $? = 1
configure: program exited with status 1
configure: failed program was:
| /* confdefs.h */
| #define PACKAGE_NAME "avrdude"
| #define PACKAGE_TARNAME "avrdude"
| #define PACKAGE_VERSION "5.11"
| #define PACKAGE_STRING "avrdude 5.11"
| #define PACKAGE_BUGREPORT "avrdude-dev@nongnu.org"
| #define PACKAGE_URL ""
| #define PACKAGE "avrdude"
| #define VERSION "5.11"
| #define HAVE_LIMITS_H 1
| #define HAVE_STDLIB_H 1
| #define HAVE_STRING_H 1
| #define HAVE_FCNTL_H 1
| #define HAVE_SYS_IOCTL_H 1
| #define HAVE_SYS_TIME_H 1
| #define HAVE_TERMIOS_H 1
| #define HAVE_UNISTD_H 1
| #define TIME_WITH_SYS_TIME 1
| #define HAVE_MEMSET 1
| #define HAVE_SELECT 1
| #define HAVE_STRCASECMP 1
| #define HAVE_STRDUP 1
| #define HAVE_STRERROR 1
| #define HAVE_STRNCASECMP 1
| #define HAVE_STRTOL 1
| #define HAVE_STRTOUL 1
| #define HAVE_GETTIMEOFDAY 1
| #define HAVE_USLEEP 1
| /* end confdefs.h.  */
| #include <windows.h>
| #include <setupapi.h>
| 
| 
| int
| main(void)
| {
|     GUID hidGuid;
|     HidD_GetHidGuid(&hidGuid);
| 
|     return 0;
| }
| 
configure:5364: result: no
configure:5380: checking for uint_t
configure:5380: gcc -c -g -O2  conftest.c >&5
conftest.c: In function 'main':
conftest.c:35:13: error: 'uint_t' undeclared (first use in this function)
conftest.c:35:13: note: each undeclared identifier is reported only once for each function it appears in
configure:5380: $? = 1
configure: failed program was:
| /* confdefs.h */
| #define PACKAGE_NAME "avrdude"
| #define PACKAGE_TARNAME "avrdude"
| #define PACKAGE_VERSION "5.11"
| #define PACKAGE_STRING "avrdude 5.11"
| #define PACKAGE_BUGREPORT "avrdude-dev@nongnu.org"
| #define PACKAGE_URL ""
| #define PACKAGE "avrdude"
| #define VERSION "5.11"
| #define HAVE_LIMITS_H 1
| #define HAVE_STDLIB_H 1
| #define HAVE_STRING_H 1
| #define HAVE_FCNTL_H 1
| #define HAVE_SYS_IOCTL_H 1
| #define HAVE_SYS_TIME_H 1
| #define HAVE_TERMIOS_H 1
| #define HAVE_UNISTD_H 1
| #define TIME_WITH_SYS_TIME 1
| #define HAVE_MEMSET 1
| #define HAVE_SELECT 1
| #define HAVE_STRCASECMP 1
| #define HAVE_STRDUP 1
| #define HAVE_STRERROR 1
| #define HAVE_STRNCASECMP 1
| #define HAVE_STRTOL 1
| #define HAVE_STRTOUL 1
| #define HAVE_GETTIMEOFDAY 1
| #define HAVE_USLEEP 1
| /* end confdefs.h.  */
| #include <sys/types.h>
| 
| int
| main ()
| {
| if (sizeof (uint_t))
| 	 return 0;
|   ;
|   return 0;
| }
configure:5380: result: no
configure:5391: checking for ulong_t
configure:5391: gcc -c -g -O2  conftest.c >&5
conftest.c: In function 'main':
conftest.c:35:13: error: 'ulong_t' undeclared (first use in this function)
conftest.c:35:13: note: each undeclared identifier is reported only once for each function it appears in
configure:5391: $? = 1
configure: failed program was:
| /* confdefs.h */
| #define PACKAGE_NAME "avrdude"
| #define PACKAGE_TARNAME "avrdude"
| #define PACKAGE_VERSION "5.11"
| #define PACKAGE_STRING "avrdude 5.11"
| #define PACKAGE_BUGREPORT "avrdude-dev@nongnu.org"
| #define PACKAGE_URL ""
| #define PACKAGE "avrdude"
| #define VERSION "5.11"
| #define HAVE_LIMITS_H 1
| #define HAVE_STDLIB_H 1
| #define HAVE_STRING_H 1
| #define HAVE_FCNTL_H 1
| #define HAVE_SYS_IOCTL_H 1
| #define HAVE_SYS_TIME_H 1
| #define HAVE_TERMIOS_H 1
| #define HAVE_UNISTD_H 1
| #define TIME_WITH_SYS_TIME 1
| #define HAVE_MEMSET 1
| #define HAVE_SELECT 1
| #define HAVE_STRCASECMP 1
| #define HAVE_STRDUP 1
| #define HAVE_STRERROR 1
| #define HAVE_STRNCASECMP 1
| #define HAVE_STRTOL 1
| #define HAVE_STRTOUL 1
| #define HAVE_GETTIMEOFDAY 1
| #define HAVE_USLEEP 1
| /* end confdefs.h.  */
| #include <sys/types.h>
| 
| int
| main ()
| {
| if (sizeof (ulong_t))
| 	 return 0;
|   ;
|   return 0;
| }
configure:5391: result: no
configure:5497: checking for parallel device
configure:5504: result: /dev/parport0
configure:5511: checking for serial device
configure:5513: result: /dev/ttyS0
configure:5533: checking if gcc accepts -Wno-pointer-sign 
configure:5550: gcc -c -Wall -Wno-pointer-sign  conftest.c >&5
conftest.c: In function 'main':
conftest.c:35:6: warning: 'main' is normally a non-static function [-Wmain]
configure:5550: $? = 0
configure:5553: result: yes
configure:5814: creating ./config.status

## ---------------------- ##
## Running config.status. ##
## ---------------------- ##

This file was extended by avrdude config.status 5.11, which was
generated by GNU Autoconf 2.68.  Invocation command line was

  CONFIG_FILES    = 
  CONFIG_HEADERS  = 
  CONFIG_LINKS    = 
  CONFIG_COMMANDS = 
  $ ./config.status 

on orangenarwhaldreams

config.status:902: creating doc/Makefile
config.status:902: creating windows/Makefile
config.status:902: creating avrdude.spec
config.status:902: creating Makefile
config.status:902: creating avrdude.conf.tmp
config.status:902: creating ac_cfg.h
config.status:1083: ac_cfg.h is unchanged
config.status:1131: executing depfiles commands

## ---------------- ##
## Cache variables. ##
## ---------------- ##

ac_cv_build=i686-pc-linux-gnu
ac_cv_c_compiler_gnu=yes
ac_cv_c_const=yes
ac_cv_env_CC_set=
ac_cv_env_CC_value=
ac_cv_env_CFLAGS_set=
ac_cv_env_CFLAGS_value=
ac_cv_env_CPPFLAGS_set=
ac_cv_env_CPPFLAGS_value=
ac_cv_env_CPP_set=
ac_cv_env_CPP_value=
ac_cv_env_LDFLAGS_set=
ac_cv_env_LDFLAGS_value=
ac_cv_env_LIBS_set=
ac_cv_env_LIBS_value=
ac_cv_env_YACC_set=
ac_cv_env_YACC_value=
ac_cv_env_YFLAGS_set=
ac_cv_env_YFLAGS_value=
ac_cv_env_build_alias_set=
ac_cv_env_build_alias_value=
ac_cv_env_host_alias_set=
ac_cv_env_host_alias_value=
ac_cv_env_target_alias_set=
ac_cv_env_target_alias_value=
ac_cv_func_gettimeofday=yes
ac_cv_func_memset=yes
ac_cv_func_select=yes
ac_cv_func_strcasecmp=yes
ac_cv_func_strdup=yes
ac_cv_func_strerror=yes
ac_cv_func_strncasecmp=yes
ac_cv_func_strtol=yes
ac_cv_func_strtoul=yes
ac_cv_func_usleep=yes
ac_cv_header_ddk_hidsdi_h=no
ac_cv_header_fcntl_h=yes
ac_cv_header_limits_h=yes
ac_cv_header_stdlib_h=yes
ac_cv_header_string_h=yes
ac_cv_header_sys_ioctl_h=yes
ac_cv_header_sys_time_h=yes
ac_cv_header_termios_h=yes
ac_cv_header_time=yes
ac_cv_header_unistd_h=yes
ac_cv_host=i686-pc-linux-gnu
ac_cv_lib_ftdi_ftdi_init=no
ac_cv_lib_ncurses_tputs=no
ac_cv_lib_readline_readline=no
ac_cv_lib_termcap_tputs=no
ac_cv_lib_usb_1_0_libusb_init=no
ac_cv_lib_usb_libusb_init=no
ac_cv_lib_usb_usb_get_string_simple=no
ac_cv_objext=o
ac_cv_path_install='/usr/bin/install -c'
ac_cv_path_mkdir=/bin/mkdir
ac_cv_prog_AWK=gawk
ac_cv_prog_ac_ct_CC=gcc
ac_cv_prog_ac_ct_RANLIB=ranlib
ac_cv_prog_cc_c89=
ac_cv_prog_cc_g=yes
ac_cv_prog_cc_gcc_c_o=yes
ac_cv_prog_make_make_set=yes
ac_cv_search_gethostent='none required'
ac_cv_search_setsockopt='none required'
ac_cv_target=i686-pc-linux-gnu
ac_cv_type_uint_t=no
ac_cv_type_ulong_t=no
am_cv_CC_dependencies_compiler_type=gcc3

## ----------------- ##
## Output variables. ##
## ----------------- ##

ACLOCAL='${SHELL} "/home/nouyang/Dropbox/Startlabs C2C 2012/Team Submissions/Metrify/Metrify-Hardware/firmware/avrdude-5.11/missing" --run aclocal-1.11'
AMDEPBACKSLASH='\'
AMDEP_FALSE='#'
AMDEP_TRUE=''
AMTAR='${SHELL} "/home/nouyang/Dropbox/Startlabs C2C 2012/Team Submissions/Metrify/Metrify-Hardware/firmware/avrdude-5.11/missing" --run tar'
AUTOCONF='${SHELL} "/home/nouyang/Dropbox/Startlabs C2C 2012/Team Submissions/Metrify/Metrify-Hardware/firmware/avrdude-5.11/missing" --run autoconf'
AUTOHEADER='${SHELL} "/home/nouyang/Dropbox/Startlabs C2C 2012/Team Submissions/Metrify/Metrify-Hardware/firmware/avrdude-5.11/missing" --run autoheader'
AUTOMAKE='${SHELL} "/home/nouyang/Dropbox/Startlabs C2C 2012/Team Submissions/Metrify/Metrify-Hardware/firmware/avrdude-5.11/missing" --run automake-1.11'
AWK='gawk'
CC='gcc'
CCDEPMODE='depmode=gcc3'
CFLAGS='-g -O2'
CPP=''
CPPFLAGS=''
CYGPATH_W='echo'
DEFAULT_PAR_PORT='/dev/parport0'
DEFAULT_SER_PORT='/dev/ttyS0'
DEFS='-DHAVE_CONFIG_H'
DEPDIR='.deps'
DIST_SUBDIRS_AC='doc windows'
DOC_INST_DIR='$(DESTDIR)$(datadir)/doc/avrdude-$(VERSION)'
ECHO_C=''
ECHO_N='-n'
ECHO_T=''
EGREP=''
ENABLE_WARNINGS='-Wall -Wno-pointer-sign'
EXEEXT=''
GREP=''
INSTALL_DATA='${INSTALL} -m 644'
INSTALL_PROGRAM='${INSTALL}'
INSTALL_SCRIPT='${INSTALL}'
INSTALL_STRIP_PROGRAM='$(install_sh) -c -s'
LDFLAGS=''
LEX=':'
LEXLIB=''
LEX_OUTPUT_ROOT=''
LIBFTDI=''
LIBHID=''
LIBOBJS=''
LIBS=''
LIBUSB=''
LIBUSB_1_0=''
LTLIBOBJS=''
MAKEINFO='${SHELL} "/home/nouyang/Dropbox/Startlabs C2C 2012/Team Submissions/Metrify/Metrify-Hardware/firmware/avrdude-5.11/missing" --run makeinfo'
MKDIR_P='/bin/mkdir -p'
OBJEXT='o'
PACKAGE='avrdude'
PACKAGE_BUGREPORT='avrdude-dev@nongnu.org'
PACKAGE_NAME='avrdude'
PACKAGE_STRING='avrdude 5.11'
PACKAGE_TARNAME='avrdude'
PACKAGE_URL=''
PACKAGE_VERSION='5.11'
PATH_SEPARATOR=':'
RANLIB='ranlib'
SET_MAKE=''
SHELL='/bin/bash'
STRIP=''
SUBDIRS_AC=''
VERSION='5.11'
WINDOWS_DIRS=''
YACC='yacc'
YFLAGS=''
ac_ct_CC='gcc'
am__EXEEXT_FALSE=''
am__EXEEXT_TRUE='#'
am__fastdepCC_FALSE='#'
am__fastdepCC_TRUE=''
am__include='include'
am__isrc=''
am__leading_dot='.'
am__quote=''
am__tar='${AMTAR} chof - "$$tardir"'
am__untar='${AMTAR} xf -'
bindir='${exec_prefix}/bin'
build='i686-pc-linux-gnu'
build_alias=''
build_cpu='i686'
build_os='linux-gnu'
build_vendor='pc'
datadir='${datarootdir}'
datarootdir='${prefix}/share'
docdir='${datarootdir}/doc/${PACKAGE_TARNAME}'
dvidir='${docdir}'
exec_prefix='${prefix}'
host='i686-pc-linux-gnu'
host_alias=''
host_cpu='i686'
host_os='linux-gnu'
host_vendor='pc'
htmldir='${docdir}'
includedir='${prefix}/include'
infodir='${datarootdir}/info'
install_sh='${SHELL} '\''/home/nouyang/Dropbox/Startlabs C2C 2012/Team Submissions/Metrify/Metrify-Hardware/firmware/avrdude-5.11/install-sh'\'''
libdir='${exec_prefix}/lib'
libexecdir='${exec_prefix}/libexec'
localedir='${datarootdir}/locale'
localstatedir='${prefix}/var'
mandir='${datarootdir}/man'
mkdir_p='/bin/mkdir -p'
oldincludedir='/usr/include'
pdfdir='${docdir}'
prefix='/usr/local'
program_transform_name='s,x,x,'
psdir='${docdir}'
sbindir='${exec_prefix}/sbin'
sharedstatedir='${prefix}/com'
sysconfdir='${prefix}/etc'
target='i686-pc-linux-gnu'
target_alias=''
target_cpu='i686'
target_os='linux-gnu'
target_vendor='pc'

## ----------- ##
## confdefs.h. ##
## ----------- ##

/* confdefs.h */
#define PACKAGE_NAME "avrdude"
#define PACKAGE_TARNAME "avrdude"
#define PACKAGE_VERSION "5.11"
#define PACKAGE_STRING "avrdude 5.11"
#define PACKAGE_BUGREPORT "avrdude-dev@nongnu.org"
#define PACKAGE_URL ""
#define PACKAGE "avrdude"
#define VERSION "5.11"
#define HAVE_LIMITS_H 1
#define HAVE_STDLIB_H 1
#define HAVE_STRING_H 1
#define HAVE_FCNTL_H 1
#define HAVE_SYS_IOCTL_H 1
#define HAVE_SYS_TIME_H 1
#define HAVE_TERMIOS_H 1
#define HAVE_UNISTD_H 1
#define TIME_WITH_SYS_TIME 1
#define HAVE_MEMSET 1
#define HAVE_SELECT 1
#define HAVE_STRCASECMP 1
#define HAVE_STRDUP 1
#define HAVE_STRERROR 1
#define HAVE_STRNCASECMP 1
#define HAVE_STRTOL 1
#define HAVE_STRTOUL 1
#define HAVE_GETTIMEOFDAY 1
#define HAVE_USLEEP 1
#define HAVE_PARPORT 1

configure: exit 0
